<?xml version="1.0" encoding="UTF-8"?>
<testsuite name="LCATest" tests="4" skipped="0" failures="0" errors="0" timestamp="2020-10-19T13:38:36" hostname="HAMZA-LAPTOP" time="0.004">
  <properties/>
  <testcase name="LCA of 7 and 4 should be 2" classname="LCATest" time="0.003"/>
  <testcase name="LCA of 6 and 4 should be 5" classname="LCATest" time="0.0"/>
  <testcase name="LCA of 1 and 0 should be 1" classname="LCATest" time="0.0"/>
  <testcase name="LCA of 5 and 1 should be 3" classname="LCATest" time="0.0"/>
  <system-out><![CDATA[]]></system-out>
  <system-err><![CDATA[]]></system-err>
</testsuite>
